CRITICAL - 2022-01-29 15:45:53 --> Undefined variable: site_url
#0 C:\xampp\htdocs\food\app\Views\Admin\Home\index.php(10): CodeIgniter\Debug\Exceptions->errorHandler(8, 'Undefined varia...', 'C:\\xampp\\htdocs...', 10, Array)
#1 C:\xampp\htdocs\food\system\View\View.php(210): include('C:\\xampp\\htdocs...')
#2 C:\xampp\htdocs\food\system\View\View.php(213): CodeIgniter\View\View->CodeIgniter\View\{closure}()
#3 C:\xampp\htdocs\food\system\Common.php(1089): CodeIgniter\View\View->render('Admin/Home/inde...', Array, true)
#4 C:\xampp\htdocs\food\app\Controllers\Admin\Home.php(14): view('Admin/Home/inde...', Array)
#5 C:\xampp\htdocs\food\system\CodeIgniter.php(825): App\Controllers\Admin\Home->index()
#6 C:\xampp\htdocs\food\system\CodeIgniter.php(412): CodeIgniter\CodeIgniter->runController(Object(App\Controllers\Admin\Home))
#7 C:\xampp\htdocs\food\system\CodeIgniter.php(320): CodeIgniter\CodeIgniter->handleRequest(NULL, Object(Config\Cache), false)
#8 C:\xampp\htdocs\food\public\index.php(37): CodeIgniter\CodeIgniter->run()
#9 C:\xampp\htdocs\food\system\Commands\Server\rewrite.php(43): require_once('C:\\xampp\\htdocs...')
#10 {main}
CRITICAL - 2022-01-29 15:46:02 --> Undefined variable: site_url
#0 C:\xampp\htdocs\food\app\Views\Admin\Home\index.php(10): CodeIgniter\Debug\Exceptions->errorHandler(8, 'Undefined varia...', 'C:\\xampp\\htdocs...', 10, Array)
#1 C:\xampp\htdocs\food\system\View\View.php(210): include('C:\\xampp\\htdocs...')
#2 C:\xampp\htdocs\food\system\View\View.php(213): CodeIgniter\View\View->CodeIgniter\View\{closure}()
#3 C:\xampp\htdocs\food\system\Common.php(1089): CodeIgniter\View\View->render('Admin/Home/inde...', Array, true)
#4 C:\xampp\htdocs\food\app\Controllers\Admin\Home.php(14): view('Admin/Home/inde...', Array)
#5 C:\xampp\htdocs\food\system\CodeIgniter.php(825): App\Controllers\Admin\Home->index()
#6 C:\xampp\htdocs\food\system\CodeIgniter.php(412): CodeIgniter\CodeIgniter->runController(Object(App\Controllers\Admin\Home))
#7 C:\xampp\htdocs\food\system\CodeIgniter.php(320): CodeIgniter\CodeIgniter->handleRequest(NULL, Object(Config\Cache), false)
#8 C:\xampp\htdocs\food\public\index.php(37): CodeIgniter\CodeIgniter->run()
#9 C:\xampp\htdocs\food\system\Commands\Server\rewrite.php(43): require_once('C:\\xampp\\htdocs...')
#10 {main}
CRITICAL - 2022-01-29 15:49:27 --> Invalid file: View/Home/index.php
#0 C:\xampp\htdocs\food\system\View\View.php(198): CodeIgniter\Exceptions\FrameworkException::forInvalidFile('View/Home/index...')
#1 C:\xampp\htdocs\food\system\Common.php(1089): CodeIgniter\View\View->render('View/Home/index', Array, true)
#2 C:\xampp\htdocs\food\app\Controllers\Admin\Home.php(14): view('View/Home/index', Array)
#3 C:\xampp\htdocs\food\system\CodeIgniter.php(825): App\Controllers\Admin\Home->index()
#4 C:\xampp\htdocs\food\system\CodeIgniter.php(412): CodeIgniter\CodeIgniter->runController(Object(App\Controllers\Admin\Home))
#5 C:\xampp\htdocs\food\system\CodeIgniter.php(320): CodeIgniter\CodeIgniter->handleRequest(NULL, Object(Config\Cache), false)
#6 C:\xampp\htdocs\food\public\index.php(37): CodeIgniter\CodeIgniter->run()
#7 C:\xampp\htdocs\food\system\Commands\Server\rewrite.php(43): require_once('C:\\xampp\\htdocs...')
#8 {main}
CRITICAL - 2022-01-29 15:49:37 --> Invalid file: View/Home/index.php
#0 C:\xampp\htdocs\food\system\View\View.php(198): CodeIgniter\Exceptions\FrameworkException::forInvalidFile('View/Home/index...')
#1 C:\xampp\htdocs\food\system\Common.php(1089): CodeIgniter\View\View->render('View/Home/index', Array, true)
#2 C:\xampp\htdocs\food\app\Controllers\Admin\Home.php(14): view('View/Home/index', Array)
#3 C:\xampp\htdocs\food\system\CodeIgniter.php(825): App\Controllers\Admin\Home->index()
#4 C:\xampp\htdocs\food\system\CodeIgniter.php(412): CodeIgniter\CodeIgniter->runController(Object(App\Controllers\Admin\Home))
#5 C:\xampp\htdocs\food\system\CodeIgniter.php(320): CodeIgniter\CodeIgniter->handleRequest(NULL, Object(Config\Cache), false)
#6 C:\xampp\htdocs\food\public\index.php(37): CodeIgniter\CodeIgniter->run()
#7 C:\xampp\htdocs\food\system\Commands\Server\rewrite.php(43): require_once('C:\\xampp\\htdocs...')
#8 {main}
CRITICAL - 2022-01-29 16:42:03 --> Undefined variable: data
#0 C:\xampp\htdocs\food\app\Views\Admin\Home\index.php(4): CodeIgniter\Debug\Exceptions->errorHandler(8, 'Undefined varia...', 'C:\\xampp\\htdocs...', 4, Array)
#1 C:\xampp\htdocs\food\system\View\View.php(210): include('C:\\xampp\\htdocs...')
#2 C:\xampp\htdocs\food\system\View\View.php(213): CodeIgniter\View\View->CodeIgniter\View\{closure}()
#3 C:\xampp\htdocs\food\system\Common.php(1089): CodeIgniter\View\View->render('Admin/Home/inde...', Array, true)
#4 C:\xampp\htdocs\food\app\Controllers\Admin\Home.php(14): view('Admin/Home/inde...', Array)
#5 C:\xampp\htdocs\food\system\CodeIgniter.php(825): App\Controllers\Admin\Home->index()
#6 C:\xampp\htdocs\food\system\CodeIgniter.php(412): CodeIgniter\CodeIgniter->runController(Object(App\Controllers\Admin\Home))
#7 C:\xampp\htdocs\food\system\CodeIgniter.php(320): CodeIgniter\CodeIgniter->handleRequest(NULL, Object(Config\Cache), false)
#8 C:\xampp\htdocs\food\public\index.php(37): CodeIgniter\CodeIgniter->run()
#9 C:\xampp\htdocs\food\system\Commands\Server\rewrite.php(43): require_once('C:\\xampp\\htdocs...')
#10 {main}
CRITICAL - 2022-01-29 16:42:13 --> Undefined variable: date
#0 C:\xampp\htdocs\food\app\Views\Admin\Home\index.php(4): CodeIgniter\Debug\Exceptions->errorHandler(8, 'Undefined varia...', 'C:\\xampp\\htdocs...', 4, Array)
#1 C:\xampp\htdocs\food\system\View\View.php(210): include('C:\\xampp\\htdocs...')
#2 C:\xampp\htdocs\food\system\View\View.php(213): CodeIgniter\View\View->CodeIgniter\View\{closure}()
#3 C:\xampp\htdocs\food\system\Common.php(1089): CodeIgniter\View\View->render('Admin/Home/inde...', Array, true)
#4 C:\xampp\htdocs\food\app\Controllers\Admin\Home.php(14): view('Admin/Home/inde...', Array)
#5 C:\xampp\htdocs\food\system\CodeIgniter.php(825): App\Controllers\Admin\Home->index()
#6 C:\xampp\htdocs\food\system\CodeIgniter.php(412): CodeIgniter\CodeIgniter->runController(Object(App\Controllers\Admin\Home))
#7 C:\xampp\htdocs\food\system\CodeIgniter.php(320): CodeIgniter\CodeIgniter->handleRequest(NULL, Object(Config\Cache), false)
#8 C:\xampp\htdocs\food\public\index.php(37): CodeIgniter\CodeIgniter->run()
#9 C:\xampp\htdocs\food\system\Commands\Server\rewrite.php(43): require_once('C:\\xampp\\htdocs...')
#10 {main}
CRITICAL - 2022-01-29 16:42:14 --> Undefined variable: date
#0 C:\xampp\htdocs\food\app\Views\Admin\Home\index.php(4): CodeIgniter\Debug\Exceptions->errorHandler(8, 'Undefined varia...', 'C:\\xampp\\htdocs...', 4, Array)
#1 C:\xampp\htdocs\food\system\View\View.php(210): include('C:\\xampp\\htdocs...')
#2 C:\xampp\htdocs\food\system\View\View.php(213): CodeIgniter\View\View->CodeIgniter\View\{closure}()
#3 C:\xampp\htdocs\food\system\Common.php(1089): CodeIgniter\View\View->render('Admin/Home/inde...', Array, true)
#4 C:\xampp\htdocs\food\app\Controllers\Admin\Home.php(14): view('Admin/Home/inde...', Array)
#5 C:\xampp\htdocs\food\system\CodeIgniter.php(825): App\Controllers\Admin\Home->index()
#6 C:\xampp\htdocs\food\system\CodeIgniter.php(412): CodeIgniter\CodeIgniter->runController(Object(App\Controllers\Admin\Home))
#7 C:\xampp\htdocs\food\system\CodeIgniter.php(320): CodeIgniter\CodeIgniter->handleRequest(NULL, Object(Config\Cache), false)
#8 C:\xampp\htdocs\food\public\index.php(37): CodeIgniter\CodeIgniter->run()
#9 C:\xampp\htdocs\food\system\Commands\Server\rewrite.php(43): require_once('C:\\xampp\\htdocs...')
#10 {main}
CRITICAL - 2022-01-29 16:42:14 --> Undefined variable: date
#0 C:\xampp\htdocs\food\app\Views\Admin\Home\index.php(4): CodeIgniter\Debug\Exceptions->errorHandler(8, 'Undefined varia...', 'C:\\xampp\\htdocs...', 4, Array)
#1 C:\xampp\htdocs\food\system\View\View.php(210): include('C:\\xampp\\htdocs...')
#2 C:\xampp\htdocs\food\system\View\View.php(213): CodeIgniter\View\View->CodeIgniter\View\{closure}()
#3 C:\xampp\htdocs\food\system\Common.php(1089): CodeIgniter\View\View->render('Admin/Home/inde...', Array, true)
#4 C:\xampp\htdocs\food\app\Controllers\Admin\Home.php(14): view('Admin/Home/inde...', Array)
#5 C:\xampp\htdocs\food\system\CodeIgniter.php(825): App\Controllers\Admin\Home->index()
#6 C:\xampp\htdocs\food\system\CodeIgniter.php(412): CodeIgniter\CodeIgniter->runController(Object(App\Controllers\Admin\Home))
#7 C:\xampp\htdocs\food\system\CodeIgniter.php(320): CodeIgniter\CodeIgniter->handleRequest(NULL, Object(Config\Cache), false)
#8 C:\xampp\htdocs\food\public\index.php(37): CodeIgniter\CodeIgniter->run()
#9 C:\xampp\htdocs\food\system\Commands\Server\rewrite.php(43): require_once('C:\\xampp\\htdocs...')
#10 {main}
