ERROR - 2022-02-07 17:28:59 --> You have an error in your SQL syntax; check the manual that corresponds to your MariaDB server version for the right syntax to use near '`$term` LIKE '%%' ESCAPE '!'' at line 3
CRITICAL - 2022-02-07 17:28:59 --> You have an error in your SQL syntax; check the manual that corresponds to your MariaDB server version for the right syntax to use near '`$term` LIKE '%%' ESCAPE '!'' at line 3
#0 C:\xampp\htdocs\food\system\Database\MySQLi\Connection.php(292): mysqli->query('SELECT `id`, `n...', 0)
#1 C:\xampp\htdocs\food\system\Database\BaseConnection.php(670): CodeIgniter\Database\MySQLi\Connection->execute('SELECT `id`, `n...')
#2 C:\xampp\htdocs\food\system\Database\BaseConnection.php(598): CodeIgniter\Database\BaseConnection->simpleQuery('SELECT `id`, `n...')
#3 C:\xampp\htdocs\food\system\Database\BaseBuilder.php(1455): CodeIgniter\Database\BaseConnection->query('SELECT `id`, `n...', Array, false)
#4 C:\xampp\htdocs\food\system\Model.php(728): CodeIgniter\Database\BaseBuilder->get()
#5 C:\xampp\htdocs\food\app\Models\UsuarioModel.php(27): CodeIgniter\Model->__call('get', Array)
#6 C:\xampp\htdocs\food\app\Controllers\Admin\Usuarios.php(31): App\Models\UsuarioModel->procurar('dani')
#7 C:\xampp\htdocs\food\system\CodeIgniter.php(825): App\Controllers\Admin\Usuarios->procurar()
#8 C:\xampp\htdocs\food\system\CodeIgniter.php(412): CodeIgniter\CodeIgniter->runController(Object(App\Controllers\Admin\Usuarios))
#9 C:\xampp\htdocs\food\system\CodeIgniter.php(320): CodeIgniter\CodeIgniter->handleRequest(NULL, Object(Config\Cache), false)
#10 C:\xampp\htdocs\food\public\index.php(37): CodeIgniter\CodeIgniter->run()
#11 C:\xampp\htdocs\food\system\Commands\Server\rewrite.php(43): require_once('C:\\xampp\\htdocs...')
#12 {main}
ERROR - 2022-02-07 17:29:00 --> You have an error in your SQL syntax; check the manual that corresponds to your MariaDB server version for the right syntax to use near '`$term` LIKE '%%' ESCAPE '!'' at line 3
CRITICAL - 2022-02-07 17:29:00 --> You have an error in your SQL syntax; check the manual that corresponds to your MariaDB server version for the right syntax to use near '`$term` LIKE '%%' ESCAPE '!'' at line 3
#0 C:\xampp\htdocs\food\system\Database\MySQLi\Connection.php(292): mysqli->query('SELECT `id`, `n...', 0)
#1 C:\xampp\htdocs\food\system\Database\BaseConnection.php(670): CodeIgniter\Database\MySQLi\Connection->execute('SELECT `id`, `n...')
#2 C:\xampp\htdocs\food\system\Database\BaseConnection.php(598): CodeIgniter\Database\BaseConnection->simpleQuery('SELECT `id`, `n...')
#3 C:\xampp\htdocs\food\system\Database\BaseBuilder.php(1455): CodeIgniter\Database\BaseConnection->query('SELECT `id`, `n...', Array, false)
#4 C:\xampp\htdocs\food\system\Model.php(728): CodeIgniter\Database\BaseBuilder->get()
#5 C:\xampp\htdocs\food\app\Models\UsuarioModel.php(27): CodeIgniter\Model->__call('get', Array)
#6 C:\xampp\htdocs\food\app\Controllers\Admin\Usuarios.php(31): App\Models\UsuarioModel->procurar('danilo')
#7 C:\xampp\htdocs\food\system\CodeIgniter.php(825): App\Controllers\Admin\Usuarios->procurar()
#8 C:\xampp\htdocs\food\system\CodeIgniter.php(412): CodeIgniter\CodeIgniter->runController(Object(App\Controllers\Admin\Usuarios))
#9 C:\xampp\htdocs\food\system\CodeIgniter.php(320): CodeIgniter\CodeIgniter->handleRequest(NULL, Object(Config\Cache), false)
#10 C:\xampp\htdocs\food\public\index.php(37): CodeIgniter\CodeIgniter->run()
#11 C:\xampp\htdocs\food\system\Commands\Server\rewrite.php(43): require_once('C:\\xampp\\htdocs...')
#12 {main}
ERROR - 2022-02-07 17:29:05 --> You have an error in your SQL syntax; check the manual that corresponds to your MariaDB server version for the right syntax to use near '`$term` LIKE '%%' ESCAPE '!'' at line 3
CRITICAL - 2022-02-07 17:29:05 --> You have an error in your SQL syntax; check the manual that corresponds to your MariaDB server version for the right syntax to use near '`$term` LIKE '%%' ESCAPE '!'' at line 3
#0 C:\xampp\htdocs\food\system\Database\MySQLi\Connection.php(292): mysqli->query('SELECT `id`, `n...', 0)
#1 C:\xampp\htdocs\food\system\Database\BaseConnection.php(670): CodeIgniter\Database\MySQLi\Connection->execute('SELECT `id`, `n...')
#2 C:\xampp\htdocs\food\system\Database\BaseConnection.php(598): CodeIgniter\Database\BaseConnection->simpleQuery('SELECT `id`, `n...')
#3 C:\xampp\htdocs\food\system\Database\BaseBuilder.php(1455): CodeIgniter\Database\BaseConnection->query('SELECT `id`, `n...', Array, false)
#4 C:\xampp\htdocs\food\system\Model.php(728): CodeIgniter\Database\BaseBuilder->get()
#5 C:\xampp\htdocs\food\app\Models\UsuarioModel.php(27): CodeIgniter\Model->__call('get', Array)
#6 C:\xampp\htdocs\food\app\Controllers\Admin\Usuarios.php(31): App\Models\UsuarioModel->procurar('alice')
#7 C:\xampp\htdocs\food\system\CodeIgniter.php(825): App\Controllers\Admin\Usuarios->procurar()
#8 C:\xampp\htdocs\food\system\CodeIgniter.php(412): CodeIgniter\CodeIgniter->runController(Object(App\Controllers\Admin\Usuarios))
#9 C:\xampp\htdocs\food\system\CodeIgniter.php(320): CodeIgniter\CodeIgniter->handleRequest(NULL, Object(Config\Cache), false)
#10 C:\xampp\htdocs\food\public\index.php(37): CodeIgniter\CodeIgniter->run()
#11 C:\xampp\htdocs\food\system\Commands\Server\rewrite.php(43): require_once('C:\\xampp\\htdocs...')
#12 {main}
ERROR - 2022-02-07 17:29:10 --> You have an error in your SQL syntax; check the manual that corresponds to your MariaDB server version for the right syntax to use near '`$term` LIKE '%%' ESCAPE '!'' at line 3
CRITICAL - 2022-02-07 17:29:10 --> You have an error in your SQL syntax; check the manual that corresponds to your MariaDB server version for the right syntax to use near '`$term` LIKE '%%' ESCAPE '!'' at line 3
#0 C:\xampp\htdocs\food\system\Database\MySQLi\Connection.php(292): mysqli->query('SELECT `id`, `n...', 0)
#1 C:\xampp\htdocs\food\system\Database\BaseConnection.php(670): CodeIgniter\Database\MySQLi\Connection->execute('SELECT `id`, `n...')
#2 C:\xampp\htdocs\food\system\Database\BaseConnection.php(598): CodeIgniter\Database\BaseConnection->simpleQuery('SELECT `id`, `n...')
#3 C:\xampp\htdocs\food\system\Database\BaseBuilder.php(1455): CodeIgniter\Database\BaseConnection->query('SELECT `id`, `n...', Array, false)
#4 C:\xampp\htdocs\food\system\Model.php(728): CodeIgniter\Database\BaseBuilder->get()
#5 C:\xampp\htdocs\food\app\Models\UsuarioModel.php(27): CodeIgniter\Model->__call('get', Array)
#6 C:\xampp\htdocs\food\app\Controllers\Admin\Usuarios.php(31): App\Models\UsuarioModel->procurar('da')
#7 C:\xampp\htdocs\food\system\CodeIgniter.php(825): App\Controllers\Admin\Usuarios->procurar()
#8 C:\xampp\htdocs\food\system\CodeIgniter.php(412): CodeIgniter\CodeIgniter->runController(Object(App\Controllers\Admin\Usuarios))
#9 C:\xampp\htdocs\food\system\CodeIgniter.php(320): CodeIgniter\CodeIgniter->handleRequest(NULL, Object(Config\Cache), false)
#10 C:\xampp\htdocs\food\public\index.php(37): CodeIgniter\CodeIgniter->run()
#11 C:\xampp\htdocs\food\system\Commands\Server\rewrite.php(43): require_once('C:\\xampp\\htdocs...')
#12 {main}
ERROR - 2022-02-07 17:29:12 --> You have an error in your SQL syntax; check the manual that corresponds to your MariaDB server version for the right syntax to use near '`$term` LIKE '%%' ESCAPE '!'' at line 3
CRITICAL - 2022-02-07 17:29:12 --> You have an error in your SQL syntax; check the manual that corresponds to your MariaDB server version for the right syntax to use near '`$term` LIKE '%%' ESCAPE '!'' at line 3
#0 C:\xampp\htdocs\food\system\Database\MySQLi\Connection.php(292): mysqli->query('SELECT `id`, `n...', 0)
#1 C:\xampp\htdocs\food\system\Database\BaseConnection.php(670): CodeIgniter\Database\MySQLi\Connection->execute('SELECT `id`, `n...')
#2 C:\xampp\htdocs\food\system\Database\BaseConnection.php(598): CodeIgniter\Database\BaseConnection->simpleQuery('SELECT `id`, `n...')
#3 C:\xampp\htdocs\food\system\Database\BaseBuilder.php(1455): CodeIgniter\Database\BaseConnection->query('SELECT `id`, `n...', Array, false)
#4 C:\xampp\htdocs\food\system\Model.php(728): CodeIgniter\Database\BaseBuilder->get()
#5 C:\xampp\htdocs\food\app\Models\UsuarioModel.php(27): CodeIgniter\Model->__call('get', Array)
#6 C:\xampp\htdocs\food\app\Controllers\Admin\Usuarios.php(31): App\Models\UsuarioModel->procurar('danilo')
#7 C:\xampp\htdocs\food\system\CodeIgniter.php(825): App\Controllers\Admin\Usuarios->procurar()
#8 C:\xampp\htdocs\food\system\CodeIgniter.php(412): CodeIgniter\CodeIgniter->runController(Object(App\Controllers\Admin\Usuarios))
#9 C:\xampp\htdocs\food\system\CodeIgniter.php(320): CodeIgniter\CodeIgniter->handleRequest(NULL, Object(Config\Cache), false)
#10 C:\xampp\htdocs\food\public\index.php(37): CodeIgniter\CodeIgniter->run()
#11 C:\xampp\htdocs\food\system\Commands\Server\rewrite.php(43): require_once('C:\\xampp\\htdocs...')
#12 {main}
ERROR - 2022-02-07 17:29:26 --> You have an error in your SQL syntax; check the manual that corresponds to your MariaDB server version for the right syntax to use near '`$term` LIKE '%%' ESCAPE '!'' at line 3
CRITICAL - 2022-02-07 17:29:26 --> You have an error in your SQL syntax; check the manual that corresponds to your MariaDB server version for the right syntax to use near '`$term` LIKE '%%' ESCAPE '!'' at line 3
#0 C:\xampp\htdocs\food\system\Database\MySQLi\Connection.php(292): mysqli->query('SELECT `id`, `n...', 0)
#1 C:\xampp\htdocs\food\system\Database\BaseConnection.php(670): CodeIgniter\Database\MySQLi\Connection->execute('SELECT `id`, `n...')
#2 C:\xampp\htdocs\food\system\Database\BaseConnection.php(598): CodeIgniter\Database\BaseConnection->simpleQuery('SELECT `id`, `n...')
#3 C:\xampp\htdocs\food\system\Database\BaseBuilder.php(1455): CodeIgniter\Database\BaseConnection->query('SELECT `id`, `n...', Array, false)
#4 C:\xampp\htdocs\food\system\Model.php(728): CodeIgniter\Database\BaseBuilder->get()
#5 C:\xampp\htdocs\food\app\Models\UsuarioModel.php(27): CodeIgniter\Model->__call('get', Array)
#6 C:\xampp\htdocs\food\app\Controllers\Admin\Usuarios.php(31): App\Models\UsuarioModel->procurar('Alice')
#7 C:\xampp\htdocs\food\system\CodeIgniter.php(825): App\Controllers\Admin\Usuarios->procurar()
#8 C:\xampp\htdocs\food\system\CodeIgniter.php(412): CodeIgniter\CodeIgniter->runController(Object(App\Controllers\Admin\Usuarios))
#9 C:\xampp\htdocs\food\system\CodeIgniter.php(320): CodeIgniter\CodeIgniter->handleRequest(NULL, Object(Config\Cache), false)
#10 C:\xampp\htdocs\food\public\index.php(37): CodeIgniter\CodeIgniter->run()
#11 C:\xampp\htdocs\food\system\Commands\Server\rewrite.php(43): require_once('C:\\xampp\\htdocs...')
#12 {main}
ERROR - 2022-02-07 17:29:43 --> You have an error in your SQL syntax; check the manual that corresponds to your MariaDB server version for the right syntax to use near '`$term` LIKE '%%' ESCAPE '!'' at line 3
CRITICAL - 2022-02-07 17:29:43 --> You have an error in your SQL syntax; check the manual that corresponds to your MariaDB server version for the right syntax to use near '`$term` LIKE '%%' ESCAPE '!'' at line 3
#0 C:\xampp\htdocs\food\system\Database\MySQLi\Connection.php(292): mysqli->query('SELECT `id`, `n...', 0)
#1 C:\xampp\htdocs\food\system\Database\BaseConnection.php(670): CodeIgniter\Database\MySQLi\Connection->execute('SELECT `id`, `n...')
#2 C:\xampp\htdocs\food\system\Database\BaseConnection.php(598): CodeIgniter\Database\BaseConnection->simpleQuery('SELECT `id`, `n...')
#3 C:\xampp\htdocs\food\system\Database\BaseBuilder.php(1455): CodeIgniter\Database\BaseConnection->query('SELECT `id`, `n...', Array, false)
#4 C:\xampp\htdocs\food\system\Model.php(728): CodeIgniter\Database\BaseBuilder->get()
#5 C:\xampp\htdocs\food\app\Models\UsuarioModel.php(27): CodeIgniter\Model->__call('get', Array)
#6 C:\xampp\htdocs\food\app\Controllers\Admin\Usuarios.php(31): App\Models\UsuarioModel->procurar('Alic')
#7 C:\xampp\htdocs\food\system\CodeIgniter.php(825): App\Controllers\Admin\Usuarios->procurar()
#8 C:\xampp\htdocs\food\system\CodeIgniter.php(412): CodeIgniter\CodeIgniter->runController(Object(App\Controllers\Admin\Usuarios))
#9 C:\xampp\htdocs\food\system\CodeIgniter.php(320): CodeIgniter\CodeIgniter->handleRequest(NULL, Object(Config\Cache), false)
#10 C:\xampp\htdocs\food\public\index.php(37): CodeIgniter\CodeIgniter->run()
#11 C:\xampp\htdocs\food\system\Commands\Server\rewrite.php(43): require_once('C:\\xampp\\htdocs...')
#12 {main}
ERROR - 2022-02-07 17:29:59 --> You have an error in your SQL syntax; check the manual that corresponds to your MariaDB server version for the right syntax to use near '`$term` LIKE '%%' ESCAPE '!'' at line 3
CRITICAL - 2022-02-07 17:29:59 --> You have an error in your SQL syntax; check the manual that corresponds to your MariaDB server version for the right syntax to use near '`$term` LIKE '%%' ESCAPE '!'' at line 3
#0 C:\xampp\htdocs\food\system\Database\MySQLi\Connection.php(292): mysqli->query('SELECT `id`, `n...', 0)
#1 C:\xampp\htdocs\food\system\Database\BaseConnection.php(670): CodeIgniter\Database\MySQLi\Connection->execute('SELECT `id`, `n...')
#2 C:\xampp\htdocs\food\system\Database\BaseConnection.php(598): CodeIgniter\Database\BaseConnection->simpleQuery('SELECT `id`, `n...')
#3 C:\xampp\htdocs\food\system\Database\BaseBuilder.php(1455): CodeIgniter\Database\BaseConnection->query('SELECT `id`, `n...', Array, false)
#4 C:\xampp\htdocs\food\system\Model.php(728): CodeIgniter\Database\BaseBuilder->get()
#5 C:\xampp\htdocs\food\app\Models\UsuarioModel.php(27): CodeIgniter\Model->__call('get', Array)
#6 C:\xampp\htdocs\food\app\Controllers\Admin\Usuarios.php(31): App\Models\UsuarioModel->procurar('danilo')
#7 C:\xampp\htdocs\food\system\CodeIgniter.php(825): App\Controllers\Admin\Usuarios->procurar()
#8 C:\xampp\htdocs\food\system\CodeIgniter.php(412): CodeIgniter\CodeIgniter->runController(Object(App\Controllers\Admin\Usuarios))
#9 C:\xampp\htdocs\food\system\CodeIgniter.php(320): CodeIgniter\CodeIgniter->handleRequest(NULL, Object(Config\Cache), false)
#10 C:\xampp\htdocs\food\public\index.php(37): CodeIgniter\CodeIgniter->run()
#11 C:\xampp\htdocs\food\system\Commands\Server\rewrite.php(43): require_once('C:\\xampp\\htdocs...')
#12 {main}
ERROR - 2022-02-07 17:30:50 --> You have an error in your SQL syntax; check the manual that corresponds to your MariaDB server version for the right syntax to use near '`:nome` = $term: ESCAPE '!'' at line 3
CRITICAL - 2022-02-07 17:30:50 --> You have an error in your SQL syntax; check the manual that corresponds to your MariaDB server version for the right syntax to use near '`:nome` = $term: ESCAPE '!'' at line 3
#0 C:\xampp\htdocs\food\system\Database\MySQLi\Connection.php(292): mysqli->query('SELECT `id`, `n...', 0)
#1 C:\xampp\htdocs\food\system\Database\BaseConnection.php(670): CodeIgniter\Database\MySQLi\Connection->execute('SELECT `id`, `n...')
#2 C:\xampp\htdocs\food\system\Database\BaseConnection.php(598): CodeIgniter\Database\BaseConnection->simpleQuery('SELECT `id`, `n...')
#3 C:\xampp\htdocs\food\system\Database\BaseBuilder.php(1455): CodeIgniter\Database\BaseConnection->query('SELECT `id`, `n...', Array, false)
#4 C:\xampp\htdocs\food\system\Model.php(728): CodeIgniter\Database\BaseBuilder->get()
#5 C:\xampp\htdocs\food\app\Models\UsuarioModel.php(27): CodeIgniter\Model->__call('get', Array)
#6 C:\xampp\htdocs\food\app\Controllers\Admin\Usuarios.php(31): App\Models\UsuarioModel->procurar('danil')
#7 C:\xampp\htdocs\food\system\CodeIgniter.php(825): App\Controllers\Admin\Usuarios->procurar()
#8 C:\xampp\htdocs\food\system\CodeIgniter.php(412): CodeIgniter\CodeIgniter->runController(Object(App\Controllers\Admin\Usuarios))
#9 C:\xampp\htdocs\food\system\CodeIgniter.php(320): CodeIgniter\CodeIgniter->handleRequest(NULL, Object(Config\Cache), false)
#10 C:\xampp\htdocs\food\public\index.php(37): CodeIgniter\CodeIgniter->run()
#11 C:\xampp\htdocs\food\system\Commands\Server\rewrite.php(43): require_once('C:\\xampp\\htdocs...')
#12 {main}
ERROR - 2022-02-07 17:30:51 --> You have an error in your SQL syntax; check the manual that corresponds to your MariaDB server version for the right syntax to use near '`:nome` = $term: ESCAPE '!'' at line 3
CRITICAL - 2022-02-07 17:30:51 --> You have an error in your SQL syntax; check the manual that corresponds to your MariaDB server version for the right syntax to use near '`:nome` = $term: ESCAPE '!'' at line 3
#0 C:\xampp\htdocs\food\system\Database\MySQLi\Connection.php(292): mysqli->query('SELECT `id`, `n...', 0)
#1 C:\xampp\htdocs\food\system\Database\BaseConnection.php(670): CodeIgniter\Database\MySQLi\Connection->execute('SELECT `id`, `n...')
#2 C:\xampp\htdocs\food\system\Database\BaseConnection.php(598): CodeIgniter\Database\BaseConnection->simpleQuery('SELECT `id`, `n...')
#3 C:\xampp\htdocs\food\system\Database\BaseBuilder.php(1455): CodeIgniter\Database\BaseConnection->query('SELECT `id`, `n...', Array, false)
#4 C:\xampp\htdocs\food\system\Model.php(728): CodeIgniter\Database\BaseBuilder->get()
#5 C:\xampp\htdocs\food\app\Models\UsuarioModel.php(27): CodeIgniter\Model->__call('get', Array)
#6 C:\xampp\htdocs\food\app\Controllers\Admin\Usuarios.php(31): App\Models\UsuarioModel->procurar('danilo')
#7 C:\xampp\htdocs\food\system\CodeIgniter.php(825): App\Controllers\Admin\Usuarios->procurar()
#8 C:\xampp\htdocs\food\system\CodeIgniter.php(412): CodeIgniter\CodeIgniter->runController(Object(App\Controllers\Admin\Usuarios))
#9 C:\xampp\htdocs\food\system\CodeIgniter.php(320): CodeIgniter\CodeIgniter->handleRequest(NULL, Object(Config\Cache), false)
#10 C:\xampp\htdocs\food\public\index.php(37): CodeIgniter\CodeIgniter->run()
#11 C:\xampp\htdocs\food\system\Commands\Server\rewrite.php(43): require_once('C:\\xampp\\htdocs...')
#12 {main}
ERROR - 2022-02-07 17:32:33 --> You have an error in your SQL syntax; check the manual that corresponds to your MariaDB server version for the right syntax to use near '`:nome` = $term: ESCAPE '!'' at line 3
CRITICAL - 2022-02-07 17:32:33 --> You have an error in your SQL syntax; check the manual that corresponds to your MariaDB server version for the right syntax to use near '`:nome` = $term: ESCAPE '!'' at line 3
#0 C:\xampp\htdocs\food\system\Database\MySQLi\Connection.php(292): mysqli->query('SELECT `id`, `n...', 0)
#1 C:\xampp\htdocs\food\system\Database\BaseConnection.php(670): CodeIgniter\Database\MySQLi\Connection->execute('SELECT `id`, `n...')
#2 C:\xampp\htdocs\food\system\Database\BaseConnection.php(598): CodeIgniter\Database\BaseConnection->simpleQuery('SELECT `id`, `n...')
#3 C:\xampp\htdocs\food\system\Database\BaseBuilder.php(1455): CodeIgniter\Database\BaseConnection->query('SELECT `id`, `n...', Array, false)
#4 C:\xampp\htdocs\food\system\Model.php(728): CodeIgniter\Database\BaseBuilder->get()
#5 C:\xampp\htdocs\food\app\Models\UsuarioModel.php(27): CodeIgniter\Model->__call('get', Array)
#6 C:\xampp\htdocs\food\app\Controllers\Admin\Usuarios.php(31): App\Models\UsuarioModel->procurar('alice')
#7 C:\xampp\htdocs\food\system\CodeIgniter.php(825): App\Controllers\Admin\Usuarios->procurar()
#8 C:\xampp\htdocs\food\system\CodeIgniter.php(412): CodeIgniter\CodeIgniter->runController(Object(App\Controllers\Admin\Usuarios))
#9 C:\xampp\htdocs\food\system\CodeIgniter.php(320): CodeIgniter\CodeIgniter->handleRequest(NULL, Object(Config\Cache), false)
#10 C:\xampp\htdocs\food\public\index.php(37): CodeIgniter\CodeIgniter->run()
#11 C:\xampp\htdocs\food\system\Commands\Server\rewrite.php(43): require_once('C:\\xampp\\htdocs...')
#12 {main}
ERROR - 2022-02-07 17:35:54 --> You have an error in your SQL syntax; check the manual that corresponds to your MariaDB server version for the right syntax to use near '`:nome` = $term: ESCAPE '!'' at line 3
CRITICAL - 2022-02-07 17:35:54 --> You have an error in your SQL syntax; check the manual that corresponds to your MariaDB server version for the right syntax to use near '`:nome` = $term: ESCAPE '!'' at line 3
#0 C:\xampp\htdocs\food\system\Database\MySQLi\Connection.php(292): mysqli->query('SELECT `id`, `n...', 0)
#1 C:\xampp\htdocs\food\system\Database\BaseConnection.php(670): CodeIgniter\Database\MySQLi\Connection->execute('SELECT `id`, `n...')
#2 C:\xampp\htdocs\food\system\Database\BaseConnection.php(598): CodeIgniter\Database\BaseConnection->simpleQuery('SELECT `id`, `n...')
#3 C:\xampp\htdocs\food\system\Database\BaseBuilder.php(1455): CodeIgniter\Database\BaseConnection->query('SELECT `id`, `n...', Array, false)
#4 C:\xampp\htdocs\food\system\Model.php(728): CodeIgniter\Database\BaseBuilder->get()
#5 C:\xampp\htdocs\food\app\Models\UsuarioModel.php(27): CodeIgniter\Model->__call('get', Array)
#6 C:\xampp\htdocs\food\app\Controllers\Admin\Usuarios.php(31): App\Models\UsuarioModel->procurar('alice')
#7 C:\xampp\htdocs\food\system\CodeIgniter.php(825): App\Controllers\Admin\Usuarios->procurar()
#8 C:\xampp\htdocs\food\system\CodeIgniter.php(412): CodeIgniter\CodeIgniter->runController(Object(App\Controllers\Admin\Usuarios))
#9 C:\xampp\htdocs\food\system\CodeIgniter.php(320): CodeIgniter\CodeIgniter->handleRequest(NULL, Object(Config\Cache), false)
#10 C:\xampp\htdocs\food\public\index.php(37): CodeIgniter\CodeIgniter->run()
#11 C:\xampp\htdocs\food\system\Commands\Server\rewrite.php(43): require_once('C:\\xampp\\htdocs...')
#12 {main}
ERROR - 2022-02-07 17:35:59 --> You have an error in your SQL syntax; check the manual that corresponds to your MariaDB server version for the right syntax to use near '`:nome` = $term: ESCAPE '!'' at line 3
CRITICAL - 2022-02-07 17:35:59 --> You have an error in your SQL syntax; check the manual that corresponds to your MariaDB server version for the right syntax to use near '`:nome` = $term: ESCAPE '!'' at line 3
#0 C:\xampp\htdocs\food\system\Database\MySQLi\Connection.php(292): mysqli->query('SELECT `id`, `n...', 0)
#1 C:\xampp\htdocs\food\system\Database\BaseConnection.php(670): CodeIgniter\Database\MySQLi\Connection->execute('SELECT `id`, `n...')
#2 C:\xampp\htdocs\food\system\Database\BaseConnection.php(598): CodeIgniter\Database\BaseConnection->simpleQuery('SELECT `id`, `n...')
#3 C:\xampp\htdocs\food\system\Database\BaseBuilder.php(1455): CodeIgniter\Database\BaseConnection->query('SELECT `id`, `n...', Array, false)
#4 C:\xampp\htdocs\food\system\Model.php(728): CodeIgniter\Database\BaseBuilder->get()
#5 C:\xampp\htdocs\food\app\Models\UsuarioModel.php(27): CodeIgniter\Model->__call('get', Array)
#6 C:\xampp\htdocs\food\app\Controllers\Admin\Usuarios.php(31): App\Models\UsuarioModel->procurar('danilo')
#7 C:\xampp\htdocs\food\system\CodeIgniter.php(825): App\Controllers\Admin\Usuarios->procurar()
#8 C:\xampp\htdocs\food\system\CodeIgniter.php(412): CodeIgniter\CodeIgniter->runController(Object(App\Controllers\Admin\Usuarios))
#9 C:\xampp\htdocs\food\system\CodeIgniter.php(320): CodeIgniter\CodeIgniter->handleRequest(NULL, Object(Config\Cache), false)
#10 C:\xampp\htdocs\food\public\index.php(37): CodeIgniter\CodeIgniter->run()
#11 C:\xampp\htdocs\food\system\Commands\Server\rewrite.php(43): require_once('C:\\xampp\\htdocs...')
#12 {main}
ERROR - 2022-02-07 17:37:22 --> You have an error in your SQL syntax; check the manual that corresponds to your MariaDB server version for the right syntax to use near '`$term` LIKE '%%' ESCAPE '!'' at line 3
CRITICAL - 2022-02-07 17:37:22 --> You have an error in your SQL syntax; check the manual that corresponds to your MariaDB server version for the right syntax to use near '`$term` LIKE '%%' ESCAPE '!'' at line 3
#0 C:\xampp\htdocs\food\system\Database\MySQLi\Connection.php(292): mysqli->query('SELECT `id`, `n...', 0)
#1 C:\xampp\htdocs\food\system\Database\BaseConnection.php(670): CodeIgniter\Database\MySQLi\Connection->execute('SELECT `id`, `n...')
#2 C:\xampp\htdocs\food\system\Database\BaseConnection.php(598): CodeIgniter\Database\BaseConnection->simpleQuery('SELECT `id`, `n...')
#3 C:\xampp\htdocs\food\system\Database\BaseBuilder.php(1455): CodeIgniter\Database\BaseConnection->query('SELECT `id`, `n...', Array, false)
#4 C:\xampp\htdocs\food\system\Model.php(728): CodeIgniter\Database\BaseBuilder->get()
#5 C:\xampp\htdocs\food\app\Models\UsuarioModel.php(27): CodeIgniter\Model->__call('get', Array)
#6 C:\xampp\htdocs\food\app\Controllers\Admin\Usuarios.php(31): App\Models\UsuarioModel->procurar('danilo')
#7 C:\xampp\htdocs\food\system\CodeIgniter.php(825): App\Controllers\Admin\Usuarios->procurar()
#8 C:\xampp\htdocs\food\system\CodeIgniter.php(412): CodeIgniter\CodeIgniter->runController(Object(App\Controllers\Admin\Usuarios))
#9 C:\xampp\htdocs\food\system\CodeIgniter.php(320): CodeIgniter\CodeIgniter->handleRequest(NULL, Object(Config\Cache), false)
#10 C:\xampp\htdocs\food\public\index.php(37): CodeIgniter\CodeIgniter->run()
#11 C:\xampp\htdocs\food\system\Commands\Server\rewrite.php(43): require_once('C:\\xampp\\htdocs...')
#12 {main}
